#
# A fatal error has been detected by the Java Runtime Environment:
#
#  EXCEPTION_ACCESS_VIOLATION (0xc0000005) at pc=0x0000000000000000, pid=4800, tid=7916
#
# JRE version: OpenJDK Runtime Environment Temurin-17.0.6+10 (17.0.6+10) (build 17.0.6+10)
# Java VM: OpenJDK 64-Bit Server VM Temurin-17.0.6+10 (17.0.6+10, mixed mode, emulated-client, tiered, compressed oops, compressed class ptrs, g1 gc, windows-amd64)
# Problematic frame:
# C  0x0000000000000000
#
# No core dump will be written. Minidumps are not enabled by default on client versions of Windows
#
# If you would like to submit a bug report, please visit:
#   https://github.com/adoptium/adoptium-support/issues
#

---------------  S U M M A R Y ------------

Command Line: -Dcom.sun.management.jmxremote -Dcom.sun.management.jmxremote.port=61887 -Dcom.sun.management.jmxremote.authenticate=false -Dcom.sun.management.jmxremote.ssl=false -Djava.rmi.server.hostname=localhost -Dspring.jmx.enabled=true -Dmanagement.endpoints.jmx.exposure.include=* -Dspring.application.admin.enabled=true -XX:TieredStopAtLevel=1 -Dspring.boot.project.name=App_WebService -Dfile.encoding=UTF-8 -XX:+ShowCodeDetailsInExceptionMessages com.example.demo.ProjwebServiceApplication --spring.output.ansi.enabled=always

Host: Intel(R) Core(TM) i7-8565U CPU @ 1.80GHz, 8 cores, 15G,  Windows 10 , 64 bit Build 19041 (10.0.19041.2788)
Time: Mon May  1 16:46:43 2023 Maroc (heure d64 bit Build 19041 (10.0.19041.2788) elapsed time: 1.142339 seconds (0d 0h 0m 1s)

---------------  T H R E A D  ---------------

Current thread (0x000001d7319ef280):  JavaThread "RMI TCP Connection(2)-127.0.0.1" daemon [_thread_in_Java, id=7916, stack(0x0000000322100000,0x0000000322200000)]

Stack: [0x0000000322100000,0x0000000322200000],  sp=0x00000003221fe270,  free space=1016k
Native frames: (J=compiled Java code, j=interpreted, Vv=VM code, C=native code)


siginfo: EXCEPTION_ACCESS_VIOLATION (0xc0000005), data execution prevention violation at address 0x0000000000000000


Register to memory mapping:

RIP=0x0 is NULL
RAX=0x00000008000407c0 is a pointer to class: 
RBX=0x0000000800040f80 is a pointer to class: 
java.lang.Object {0x0000000800040f88}
 - instance size:     2
 - klass size:        64
 - access:            public synchronized 
 - state:             fully_initialized
 - name:              'java/lang/Object'
 - super:             NULL
 - sub:               'org/springframework/boot/autoconfigure/condition/ConditionOutcome'   'org/springframework/boot/autoconfigure/condition/OnClassCondition$ThreadedOutcomesResolver$$Lambda$390+0x00000008003354e0'   'org/springframework/boot/autoconfigure/condition/OnClassCondition$ThreadedOutcomesResolver'   'org/springframework/boot/autoconfigure/condition/OnClassCondition$StandardOutcomesResolver'   (3309 more klasses...)
 - arrays:            'java/lang/Object'[]
 - methods:           Array<T>(0x000001d72f800458)
 - method ordering:   Array<T>(0x000001d72f800018)
 - default_methods:   Array<T>(0x0000000000000000)
 - local interfaces:  Array<T>(0x000001d72f800058)
 - trans. interfaces: Array<T>(0x000001d72f800058)
 - constants:         constant pool [92] {0x000001d72f8000d8} for 'java/lang/Object' cache=0x000001d72f92fb08
 - class loader data:  loader data: 0x000001d72f4faf30 of 'bootstrap'
 - source file:       'Object.java'
 - class annotations:       Array<T>(0x0000000000000000)
 - class type annotations:  Array<T>(0x0000000000000000)
 - field annotations:       Array<T>(0x0000000000000000)
 - field type annotations:  Array<T>(0x0000000000000000)
 - inner classes:     Array<T>(0x000001d72f800028)
 - nest members:     Array<T>(0x000001d72f800028)
 - permitted subclasses:     Array<T>(0x000001d72f800028)
 - java mirror:       a 'java/lang/Class'{0x000000070249c000} = 'java/lang/Object'
 - vtable length      5  (start addr: 0x0000000800041148)
 - itable length      2 (start addr: 0x0000000800041170)
 - ---- static fields (0 words):
 - ---- non-static fields (0 words):
 - non-static oop maps: 
RCX=0x0000000702d20c00 is an oop: [B 
{0x0000000702d20c00} - klass: {type array byte}
 - length: 65
RDX=0x0000000090000003 is an unknown value
RSP=0x00000003221fe270 is pointing into the stack for thread: 0x000001d7319ef280
RBP=0x00000003221fe2d8 is pointing into the stack for thread: 0x000001d7319ef280
RSI=0x0 is NULL
RDI=
[error occurred during error reporting (printing register info), id 0xc0000005, EXCEPTION_ACCESS_VIOLATION (0xc0000005) at pc=0x00007ffcaa2a281a]

Registers:
RAX=0x00000008000407c0, RBX=0x0000000800040f80, RCX=0x0000000702d20c00, RDX=0x0000000090000003
RSP=0x00000003221fe270, RBP=0x00000003221fe2d8, RSI=0x0000000000000000, RDI=0x0000000704a22f18
R8 =0x0000000000000000, R9 =0x000000070243e560, R10=0x0000000800000000, R11=0x000001d7204fbac0
R12=0x0000000000000000, R13=0x00000003221fe278, R14=0x00000003221fe2f8, R15=0x000001d7319ef280
RIP=0x0000000000000000, EFLAGS=0x0000000000010206

Top of Stack: (sp=0x00000003221fe270)
0x00000003221fe270:   000001d7203f93d6 0000000704a22f00
0x00000003221fe280:   000000070241e5a0 0000000702d20c00
0x00000003221fe290:   00000003221fe290 000001d72ff62411
0x00000003221fe2a0:   00000003221fe2f8 000001d72ff63338
0x00000003221fe2b0:   0000000000000000 000000070243e560
0x00000003221fe2c0:   000001d72ff62448 00000003221fe278
0x00000003221fe2d0:   00000003221fe2e8 00000003221fe348
0x00000003221fe2e0:   000001d7203f9712 0000000704a22f00
0x00000003221fe2f0:   000000070244faf0 0000000702d0cf60
0x00000003221fe300:   00000003221fe300 000001d72fd0a9f0
0x00000003221fe310:   00000003221fe368 000001d72fd0c310
0x00000003221fe320:   0000000000000000 0000000702460a60
0x00000003221fe330:   000001d72fd0aa28 00000003221fe2e8
0x00000003221fe340:   00000003221fe358 00000003221fe3b8
0x00000003221fe350:   000001d7203f93d6 0000000704a22f00
0x00000003221fe360:   0000000702d20d60 0000000702d0cf48 

Instructions: (pc=0x0000000000000000)
0xffffffffffffff00:   


Stack slot to memory mapping:
stack at sp + 0 slots: 0x000001d7203f93d6 is at code_begin+822 in an Interpreter codelet
return entry points  [0x000001d7203f90a0, 0x000001d7203f98c0]  2080 bytes
stack at sp + 1 slots: 0x0000000704a22f00 is an oop: java.lang.String 
{0x0000000704a22f00} - klass: 'java/lang/String'
 - string: "Admin: Timestamp=1682956003584"
stack at sp + 2 slots: 0x000000070241e5a0 is an oop: java.util.logging.Level 
{0x000000070241e5a0} - klass: 'java/util/logging/Level'
 - ---- fields (total size 4 words):
 - private final 'value' 'I' @12  400 (190)
 - private final 'name' 'Ljava/lang/String;' @16  "FINER"{0x000000070241e5c0} (e0483cb8)
 - private final 'resourceBundleName' 'Ljava/lang/String;' @20  "sun.util.logging.resources.logging"{0x000000070235e0e0} (e046bc1c)
 - private transient 'localizedLevelName' 'Ljava/lang/String;' @24  NULL (0)
 - private transient 'cachedLocale' 'Ljava/util/Locale;' @28  NULL (0)
stack at sp + 3 slots: 0x0000000702d20c00 is an oop: [B 
{0x0000000702d20c00} - klass: {type array byte}
 - length: 65
stack at sp + 4 slots: 0x00000003221fe290 is pointing into the stack for thread: 0x000001d7319ef280
stack at sp + 5 slots: 0x000001d72ff62411 is pointing into metadata
stack at sp + 6 slots: 0x00000003221fe2f8 is pointing into the stack for thread: 0x000001d7319ef280
stack at sp + 7 slots: 0x000001d72ff63338 is pointing into metadata


---------------  P R O C E S S  ---------------

Threads class SMR info:
_java_thread_list=0x000001d731ba9bb0, length=25, elements={
0x000001d71cd3ee40, 0x000001d7300429a0, 0x000001d730046740, 0x000001d730089690,
0x000001d73008a410, 0x000001d73008dcf0, 0x000001d73008e5b0, 0x000001d730092420,
0x000001d73009b950, 0x000001d72f61a470, 0x000001d72f61a940, 0x000001d73025e3c0,
0x000001d7308b8e60, 0x000001d7308b9370, 0x000001d7308b0340, 0x000001d7309f2010,
0x000001d7308c5ea0, 0x000001d73196dd20, 0x000001d7319f4780, 0x000001d7319ef280,
0x000001d731a1bd90, 0x000001d731a78870, 0x000001d731a783a0, 0x000001d731a79bb0,
0x000001d731a78d40
}

Java Threads: ( => current thread )
  0x000001d71cd3ee40 JavaThread "main" [_thread_blocked, id=9180, stack(0x000000031fe00000,0x000000031ff00000)]
  0x000001d7300429a0 JavaThread "Reference Handler" daemon [_thread_blocked, id=7128, stack(0x0000000320500000,0x0000000320600000)]
  0x000001d730046740 JavaThread "Finalizer" daemon [_thread_blocked, id=6440, stack(0x0000000320600000,0x0000000320700000)]
  0x000001d730089690 JavaThread "Signal Dispatcher" daemon [_thread_blocked, id=14664, stack(0x0000000320700000,0x0000000320800000)]
  0x000001d73008a410 JavaThread "Attach Listener" daemon [_thread_blocked, id=7812, stack(0x0000000320800000,0x0000000320900000)]
  0x000001d73008dcf0 JavaThread "Service Thread" daemon [_thread_blocked, id=14584, stack(0x0000000320900000,0x0000000320a00000)]
  0x000001d73008e5b0 JavaThread "Monitor Deflation Thread" daemon [_thread_blocked, id=5704, stack(0x0000000320a00000,0x0000000320b00000)]
  0x000001d730092420 JavaThread "C1 CompilerThread0" daemon [_thread_blocked, id=11376, stack(0x0000000320b00000,0x0000000320c00000)]
  0x000001d73009b950 JavaThread "Sweeper thread" daemon [_thread_blocked, id=13980, stack(0x0000000320c00000,0x0000000320d00000)]
  0x000001d72f61a470 JavaThread "Common-Cleaner" daemon [_thread_blocked, id=7288, stack(0x0000000320d00000,0x0000000320e00000)]
  0x000001d72f61a940 JavaThread "C1 CompilerThread1" daemon [_thread_blocked, id=8568, stack(0x0000000320e00000,0x0000000320f00000)]
  0x000001d73025e3c0 JavaThread "Notification Thread" daemon [_thread_blocked, id=14344, stack(0x0000000320f00000,0x0000000321000000)]
  0x000001d7308b8e60 JavaThread "C1 CompilerThread2" daemon [_thread_blocked, id=2808, stack(0x0000000321000000,0x0000000321100000)]
  0x000001d7308b9370 JavaThread "C1 CompilerThread3" daemon [_thread_blocked, id=5868, stack(0x0000000321100000,0x0000000321200000)]
  0x000001d7308b0340 JavaThread "RMI TCP Accept-0" daemon [_thread_in_native, id=13904, stack(0x0000000321200000,0x0000000321300000)]
  0x000001d7309f2010 JavaThread "RMI TCP Accept-61887" daemon [_thread_in_native, id=776, stack(0x0000000321300000,0x0000000321400000)]
  0x000001d7308c5ea0 JavaThread "RMI TCP Accept-0" daemon [_thread_in_native, id=10292, stack(0x0000000321400000,0x0000000321500000)]
  0x000001d73196dd20 JavaThread "RMI TCP Connection(1)-127.0.0.1" daemon [_thread_in_native, id=4436, stack(0x0000000321600000,0x0000000321700000)]
  0x000001d7319f4780 JavaThread "RMI Scheduler(0)" daemon [_thread_blocked, id=1964, stack(0x0000000322000000,0x0000000322100000)]
=>0x000001d7319ef280 JavaThread "RMI TCP Connection(2)-127.0.0.1" daemon [_thread_in_Java, id=7916, stack(0x0000000322100000,0x0000000322200000)]
  0x000001d731a1bd90 JavaThread "JMX server connection timeout 22" daemon [_thread_blocked, id=11608, stack(0x0000000322200000,0x0000000322300000)]
  0x000001d731a78870 JavaThread "Thread-0" [_thread_blocked, id=1508, stack(0x0000000322300000,0x0000000322400000)]
  0x000001d731a783a0 JavaThread "restartedMain" [_thread_in_Java, id=9880, stack(0x0000000322400000,0x0000000322500000)]
  0x000001d731a79bb0 JavaThread "background-preinit" [_thread_in_native, id=9448, stack(0x0000000322500000,0x0000000322600000)]
  0x000001d731a78d40 JavaThread "Thread-3" [_thread_blocked, id=12520, stack(0x0000000322700000,0x0000000322800000)]

Other Threads:
  0x000001d72f64ecd0 VMThread "VM Thread" [stack: 0x0000000320400000,0x0000000320500000] [id=13696]
  0x000001d71cd3fb70 WatcherThread [stack: 0x0000000321500000,0x0000000321600000] [id=10044]
  0x000001d71cda94f0 GCTaskThread "GC Thread#0" [stack: 0x000000031ff00000,0x0000000320000000] [id=1296]
  0x000001d73196e5a0 GCTaskThread "GC Thread#1" [stack: 0x0000000321700000,0x0000000321800000] [id=8432]
  0x000001d73196e850 GCTaskThread "GC Thread#2" [stack: 0x0000000321800000,0x0000000321900000] [id=15328]
  0x000001d730bfd270 GCTaskThread "GC Thread#3" [stack: 0x0000000321900000,0x0000000321a00000] [id=9992]
  0x000001d730bfd520 GCTaskThread "GC Thread#4" [stack: 0x0000000321a00000,0x0000000321b00000] [id=13028]
  0x000001d730bfd7d0 GCTaskThread "GC Thread#5" [stack: 0x0000000321b00000,0x0000000321c00000] [id=11096]
  0x000001d7319bfa90 GCTaskThread "GC Thread#6" [stack: 0x0000000321c00000,0x0000000321d00000] [id=13372]
  0x000001d7319bfd40 GCTaskThread "GC Thread#7" [stack: 0x0000000321d00000,0x0000000321e00000] [id=14212]
  0x000001d71cdba8e0 ConcurrentGCThread "G1 Main Marker" [stack: 0x0000000320000000,0x0000000320100000] [id=10440]
  0x000001d71cdbb200 ConcurrentGCThread "G1 Conc#0" [stack: 0x0000000320100000,0x0000000320200000] [id=11372]
  0x000001d7319d4e40 ConcurrentGCThread "G1 Conc#1" [stack: 0x0000000322600000,0x0000000322700000] [id=3284]
  0x000001d71cdfe250 ConcurrentGCThread "G1 Refine#0" [stack: 0x0000000320200000,0x0000000320300000] [id=3592]
  0x000001d73199c250 ConcurrentGCThread "G1 Refine#1" [stack: 0x0000000321e00000,0x0000000321f00000] [id=14680]
  0x000001d73199c530 ConcurrentGCThread "G1 Refine#2" [stack: 0x0000000321f00000,0x0000000322000000] [id=5384]
  0x000001d71cdfeb80 ConcurrentGCThread "G1 Service" [stack: 0x0000000320300000,0x0000000320400000] [id=13444]

Threads with active compile tasks:

VM state: not at safepoint (normal execution)

VM Mutex/Monitor currently owned by a thread: None

Heap address: 0x0000000702000000, size: 4064 MB, Compressed Oops mode: Zero based, Oop shift amount: 3

CDS archive(s) not mapped
Compressed class space mapped at: 0x0000000800000000-0x0000000840000000, reserved size: 1073741824
Narrow klass base: 0x0000000800000000, Narrow klass shift: 0, Narrow klass range: 0x40000000

GC Precious Log:
 CPUs: 8 total, 8 available
 Memory: 16254M
 Large Page Support: Disabled
 NUMA Support: Disabled
 Compressed Oops: Enabled (Zero based)
 Heap Region Size: 2M
 Heap Min Capacity: 8M
 Heap Initial Capacity: 254M
 Heap Max Capacity: 4064M
 Pre-touch: Disabled
 Parallel Workers: 8
 Concurrent Workers: 2
 Concurrent Refinement Workers: 8
 Periodic GC: Disabled

Heap:
 garbage-first heap   total 49152K, used 13989K [0x0000000702000000, 0x0000000800000000)
  region size 2048K, 3 young (6144K), 1 survivors (2048K)
 Metaspace       used 26536K, committed 26816K, reserved 1073152K
  class space    used 3236K, committed 3392K, reserved 1048576K

Heap Regions: E=young(eden), S=young(survivor), O=old, HS=humongous(starts), HC=humongous(continues), CS=collection set, F=free, OA=open archive, CA=closed archive, TAMS=top-at-mark-start (previous, next)
|   0|0x0000000702000000, 0x0000000702200000, 0x0000000702200000|100%| O|  |TAMS 0x0000000702200000, 0x0000000702000000| Untracked 
|   1|0x0000000702200000, 0x0000000702400000, 0x0000000702400000|100%| O|  |TAMS 0x0000000702400000, 0x0000000702200000| Untracked 
|   2|0x0000000702400000, 0x0000000702600000, 0x0000000702600000|100%| O|  |TAMS 0x0000000702600000, 0x0000000702400000| Untracked 
|   3|0x0000000702600000, 0x0000000702800000, 0x0000000702800000|100%| O|  |TAMS 0x0000000702800000, 0x0000000702600000| Untracked 
|   4|0x0000000702800000, 0x0000000702800000, 0x0000000702a00000|  0%| F|  |TAMS 0x0000000702800000, 0x0000000702800000| Untracked 
|   5|0x0000000702a00000, 0x0000000702c00000, 0x0000000702c00000|100%| O|  |TAMS 0x0000000702a00000, 0x0000000702a00000| Untracked 
|   6|0x0000000702c00000, 0x0000000702d2d800, 0x0000000702e00000| 58%| O|  |TAMS 0x0000000702c00000, 0x0000000702c00000| Untracked 
|   7|0x0000000702e00000, 0x0000000702e00000, 0x0000000703000000|  0%| F|  |TAMS 0x0000000702e00000, 0x0000000702e00000| Untracked 
|   8|0x0000000703000000, 0x0000000703000000, 0x0000000703200000|  0%| F|  |TAMS 0x0000000703000000, 0x0000000703000000| Untracked 
|   9|0x0000000703200000, 0x0000000703200000, 0x0000000703400000|  0%| F|  |TAMS 0x0000000703200000, 0x0000000703200000| Untracked 
|  10|0x0000000703400000, 0x0000000703400000, 0x0000000703600000|  0%| F|  |TAMS 0x0000000703400000, 0x0000000703400000| Untracked 
|  11|0x0000000703600000, 0x0000000703600000, 0x0000000703800000|  0%| F|  |TAMS 0x0000000703600000, 0x0000000703600000| Untracked 
|  12|0x0000000703800000, 0x0000000703800000, 0x0000000703a00000|  0%| F|  |TAMS 0x0000000703800000, 0x0000000703800000| Untracked 
|  13|0x0000000703a00000, 0x0000000703a00000, 0x0000000703c00000|  0%| F|  |TAMS 0x0000000703a00000, 0x0000000703a00000| Untracked 
|  14|0x0000000703c00000, 0x0000000703c00000, 0x0000000703e00000|  0%| F|  |TAMS 0x0000000703c00000, 0x0000000703c00000| Untracked 
|  15|0x0000000703e00000, 0x0000000703e00000, 0x0000000704000000|  0%| F|  |TAMS 0x0000000703e00000, 0x0000000703e00000| Untracked 
|  16|0x0000000704000000, 0x0000000704000000, 0x0000000704200000|  0%| F|  |TAMS 0x0000000704000000, 0x0000000704000000| Untracked 
|  17|0x0000000704200000, 0x0000000704200000, 0x0000000704400000|  0%| F|  |TAMS 0x0000000704200000, 0x0000000704200000| Untracked 
|  18|0x0000000704400000, 0x0000000704400000, 0x0000000704600000|  0%| F|  |TAMS 0x0000000704400000, 0x0000000704400000| Untracked 
|  19|0x0000000704600000, 0x0000000704600000, 0x0000000704800000|  0%| F|  |TAMS 0x0000000704600000, 0x0000000704600000| Untracked 
|  20|0x0000000704800000, 0x0000000704800000, 0x0000000704a00000|  0%| F|  |TAMS 0x0000000704800000, 0x0000000704800000| Untracked 
|  21|0x0000000704a00000, 0x0000000704bd4250, 0x0000000704c00000| 91%| E|  |TAMS 0x0000000704a00000, 0x0000000704a00000| Complete 
| 120|0x0000000711000000, 0x000000071107bcc8, 0x0000000711200000| 24%| S|CS|TAMS 0x0000000711000000, 0x0000000711000000| Complete 
| 126|0x0000000711c00000, 0x0000000711e00000, 0x0000000711e00000|100%| E|CS|TAMS 0x0000000711c00000, 0x0000000711c00000| Complete 

Card table byte_map: [0x000001d723cf0000,0x000001d7244e0000] _byte_map_base: 0x000001d7204e0000

Marking Bits (Prev, Next): (CMBitMap*) 0x000001d71cda9a50, (CMBitMap*) 0x000001d71cda9a10
 Prev Bits: [0x000001d728c50000, 0x000001d72cbd0000)
 Next Bits: [0x000001d724cd0000, 0x000001d728c50000)

Polling page: 0x000001d71aca0000

Metaspace:

Usage:
  Non-class:     22.76 MB used.
      Class:      3.16 MB used.
       Both:     25.92 MB used.

Virtual space:
  Non-class space:       24.00 MB reserved,      22.88 MB ( 95%) committed,  3 nodes.
      Class space:        1.00 GB reserved,       3.31 MB ( <1%) committed,  1 nodes.
             Both:        1.02 GB reserved,      26.19 MB (  2%) committed. 

Chunk freelists:
   Non-Class:  976.00 KB
       Class:  528.00 KB
        Both:  1.47 MB

MaxMetaspaceSize: unlimited
CompressedClassSpaceSize: 1.00 GB
Initial GC threshold: 21.00 MB
Current GC threshold: 35.25 MB
CDS: off
MetaspaceReclaimPolicy: balanced
 - commit_granule_bytes: 65536.
 - commit_granule_words: 8192.
 - virtual_space_node_default_size: 1048576.
 - enlarge_chunks_in_place: 1.
 - new_chunks_are_fully_committed: 0.
 - uncommit_free_chunks: 1.
 - use_allocation_guard: 0.
 - handle_deallocations: 1.


Internal statistics:

num_allocs_failed_limit: 5.
num_arena_births: 272.
num_arena_deaths: 0.
num_vsnodes_births: 4.
num_vsnodes_deaths: 0.
num_space_committed: 419.
num_space_uncommitted: 0.
num_chunks_returned_to_freelist: 5.
num_chunks_taken_from_freelist: 817.
num_chunk_merges: 5.
num_chunk_splits: 551.
num_chunks_enlarged: 401.
num_purges: 0.
num_inconsistent_stats: 0.

CodeCache: size=49152Kb used=6508Kb max_used=6508Kb free=42643Kb
 bounds [0x000001d7203f0000, 0x000001d720a50000, 0x000001d7233f0000]
 total_blobs=2913 nmethods=2411 adapters=426
 compilation: enabled
              stopped_count=0, restarted_count=0
 full_count=0

Compilation events (20 events):
Event: 1.136 Thread 0x000001d7308b9370 nmethod 2341 0x000001d720a28e10 code [0x000001d720a28fc0, 0x000001d720a291f8]
Event: 1.136 Thread 0x000001d7308b9370 2343       1       sun.util.locale.BaseLocale::<init> (76 bytes)
Event: 1.136 Thread 0x000001d7308b8e60 nmethod 2339 0x000001d720a29310 code [0x000001d720a294c0, 0x000001d720a29798]
Event: 1.136 Thread 0x000001d7308b8e60 2344       1       sun.util.locale.LocaleObjectCache::get (126 bytes)
Event: 1.136 Thread 0x000001d7308b9370 nmethod 2343 0x000001d720a29a10 code [0x000001d720a29c20, 0x000001d720a2a128]
Event: 1.136 Thread 0x000001d7308b9370 2345       1       sun.util.locale.LocaleObjectCache::cleanStaleEntries (34 bytes)
Event: 1.136 Thread 0x000001d7308b9370 nmethod 2345 0x000001d720a2a310 code [0x000001d720a2a4c0, 0x000001d720a2a758]
Event: 1.136 Thread 0x000001d7308b9370 2347       1       sun.util.locale.LanguageTag::getLanguage (5 bytes)
Event: 1.136 Thread 0x000001d7308b9370 nmethod 2347 0x000001d720a2a910 code [0x000001d720a2aaa0, 0x000001d720a2ab78]
Event: 1.136 Thread 0x000001d7308b9370 2348       1       sun.util.locale.LanguageTag::getScript (5 bytes)
Event: 1.137 Thread 0x000001d72f61a940 nmethod 2340 0x000001d720a2ac10 code [0x000001d720a2ae40, 0x000001d720a2b4b8]
Event: 1.137 Thread 0x000001d7308b9370 nmethod 2348 0x000001d720a2bb10 code [0x000001d720a2bca0, 0x000001d720a2bd78]
Event: 1.137 Thread 0x000001d72f61a940 2349       1       sun.util.locale.LanguageTag::getRegion (5 bytes)
Event: 1.137 Thread 0x000001d7308b9370 2350       1       sun.util.locale.LanguageTag::getPrivateuse (5 bytes)
Event: 1.137 Thread 0x000001d730092420 nmethod 2346 0x000001d720a2be10 code [0x000001d720a2c000, 0x000001d720a2c648]
Event: 1.137 Thread 0x000001d730092420 2351 %     1       java.util.Properties::load0 @ 29 (249 bytes)
Event: 1.137 Thread 0x000001d7308b9370 nmethod 2350 0x000001d720a2cb10 code [0x000001d720a2cca0, 0x000001d720a2cd78]
Event: 1.137 Thread 0x000001d72f61a940 nmethod 2349 0x000001d720a2ce10 code [0x000001d720a2cfa0, 0x000001d720a2d078]
Event: 1.137 Thread 0x000001d7308b8e60 nmethod 2344 0x000001d720a2d110 code [0x000001d720a2d340, 0x000001d720a2dae8]
Event: 1.137 Thread 0x000001d72f61a940 2352       1       sun.util.locale.BaseLocale$Key::hashCode (178 bytes)

GC Heap History (10 events):
Event: 0.559 GC heap before
{Heap before GC invocations=0 (full 0):
 garbage-first heap   total 260096K, used 20480K [0x0000000702000000, 0x0000000800000000)
  region size 2048K, 11 young (22528K), 0 survivors (0K)
 Metaspace       used 14918K, committed 15168K, reserved 1064960K
  class space    used 1552K, committed 1664K, reserved 1048576K
}
Event: 0.563 GC heap after
{Heap after GC invocations=1 (full 0):
 garbage-first heap   total 260096K, used 8816K [0x0000000702000000, 0x0000000800000000)
  region size 2048K, 2 young (4096K), 2 survivors (4096K)
 Metaspace       used 14918K, committed 15168K, reserved 1064960K
  class space    used 1552K, committed 1664K, reserved 1048576K
}
Event: 0.840 GC heap before
{Heap before GC invocations=1 (full 0):
 garbage-first heap   total 260096K, used 29296K [0x0000000702000000, 0x0000000800000000)
  region size 2048K, 13 young (26624K), 2 survivors (4096K)
 Metaspace       used 18902K, committed 19200K, reserved 1073152K
  class space    used 2145K, committed 2304K, reserved 1048576K
}
Event: 0.843 GC heap after
{Heap after GC invocations=2 (full 0):
 garbage-first heap   total 260096K, used 9799K [0x0000000702000000, 0x0000000800000000)
  region size 2048K, 1 young (2048K), 1 survivors (2048K)
 Metaspace       used 18902K, committed 19200K, reserved 1073152K
  class space    used 2145K, committed 2304K, reserved 1048576K
}
Event: 0.936 GC heap before
{Heap before GC invocations=2 (full 0):
 garbage-first heap   total 260096K, used 20039K [0x0000000702000000, 0x0000000800000000)
  region size 2048K, 7 young (14336K), 1 survivors (2048K)
 Metaspace       used 21274K, committed 21504K, reserved 1073152K
  class space    used 2493K, committed 2624K, reserved 1048576K
}
Event: 0.938 GC heap after
{Heap after GC invocations=3 (full 0):
 garbage-first heap   total 260096K, used 10310K [0x0000000702000000, 0x0000000800000000)
  region size 2048K, 1 young (2048K), 1 survivors (2048K)
 Metaspace       used 21274K, committed 21504K, reserved 1073152K
  class space    used 2493K, committed 2624K, reserved 1048576K
}
Event: 1.103 GC heap before
{Heap before GC invocations=4 (full 0):
 garbage-first heap   total 49152K, used 32838K [0x0000000702000000, 0x0000000800000000)
  region size 2048K, 13 young (26624K), 1 survivors (2048K)
 Metaspace       used 25427K, committed 25728K, reserved 1073152K
  class space    used 3119K, committed 3264K, reserved 1048576K
}
Event: 1.106 GC heap after
{Heap after GC invocations=5 (full 0):
 garbage-first heap   total 49152K, used 11665K [0x0000000702000000, 0x0000000800000000)
  region size 2048K, 2 young (4096K), 2 survivors (4096K)
 Metaspace       used 25427K, committed 25728K, reserved 1073152K
  class space    used 3119K, committed 3264K, reserved 1048576K
}
Event: 1.119 GC heap before
{Heap before GC invocations=5 (full 0):
 garbage-first heap   total 49152K, used 11665K [0x0000000702000000, 0x0000000800000000)
  region size 2048K, 3 young (6144K), 2 survivors (4096K)
 Metaspace       used 25801K, committed 26048K, reserved 1073152K
  class space    used 3161K, committed 3264K, reserved 1048576K
}
Event: 1.122 GC heap after
{Heap after GC invocations=6 (full 0):
 garbage-first heap   total 49152K, used 11941K [0x0000000702000000, 0x0000000800000000)
  region size 2048K, 1 young (2048K), 1 survivors (2048K)
 Metaspace       used 25801K, committed 26048K, reserved 1073152K
  class space    used 3161K, committed 3264K, reserved 1048576K
}

Dll operation events (8 events):
Event: 0.005 Loaded shared library C:\Users\ayoub\Downloads\sts-4.18.0.RELEASE\plugins\org.eclipse.justj.openjdk.hotspot.jre.full.win32.x86_64_17.0.6.v20230204-1729\jre\bin\java.dll
Event: 0.176 Loaded shared library C:\Users\ayoub\Downloads\sts-4.18.0.RELEASE\plugins\org.eclipse.justj.openjdk.hotspot.jre.full.win32.x86_64_17.0.6.v20230204-1729\jre\bin\jimage.dll
Event: 0.187 Loaded shared library C:\Users\ayoub\Downloads\sts-4.18.0.RELEASE\plugins\org.eclipse.justj.openjdk.hotspot.jre.full.win32.x86_64_17.0.6.v20230204-1729\jre\bin\net.dll
Event: 0.189 Loaded shared library C:\Users\ayoub\Downloads\sts-4.18.0.RELEASE\plugins\org.eclipse.justj.openjdk.hotspot.jre.full.win32.x86_64_17.0.6.v20230204-1729\jre\bin\nio.dll
Event: 0.192 Loaded shared library C:\Users\ayoub\Downloads\sts-4.18.0.RELEASE\plugins\org.eclipse.justj.openjdk.hotspot.jre.full.win32.x86_64_17.0.6.v20230204-1729\jre\bin\zip.dll
Event: 0.240 Loaded shared library C:\Users\ayoub\Downloads\sts-4.18.0.RELEASE\plugins\org.eclipse.justj.openjdk.hotspot.jre.full.win32.x86_64_17.0.6.v20230204-1729\jre\bin\management.dll
Event: 0.250 Loaded shared library C:\Users\ayoub\Downloads\sts-4.18.0.RELEASE\plugins\org.eclipse.justj.openjdk.hotspot.jre.full.win32.x86_64_17.0.6.v20230204-1729\jre\bin\management_ext.dll
Event: 0.929 Loaded shared library C:\Users\ayoub\Downloads\sts-4.18.0.RELEASE\plugins\org.eclipse.justj.openjdk.hotspot.jre.full.win32.x86_64_17.0.6.v20230204-1729\jre\bin\verify.dll

Deoptimization events (2 events):
Event: 0.971 Thread 0x000001d731a783a0 DEOPT PACKING pc=0x000001d72099c179 sp=0x00000003224fc6d0
Event: 0.971 Thread 0x000001d731a783a0 DEOPT UNPACKING pc=0x000001d720447143 sp=0x00000003224fbbb0 mode 3

Classes unloaded (0 events):
No events

Classes redefined (0 events):
No events

Internal exceptions (20 events):
Event: 0.774 Thread 0x000001d731a783a0 Exception <a 'java/lang/NoSuchMethodError'{0x0000000710d9b728}: 'java.lang.Object java.lang.invoke.DirectMethodHandle$Holder.invokeSpecial(java.lang.Object, java.lang.Object, java.lang.Object, java.lang.Object, java.lang.Object, java.lang.Object, int)'> (0x0000000710d9b728) 
thrown [s\src\hotspot\share\interpreter\linkResolver.cpp, line 759]
Event: 0.774 Thread 0x000001d731a783a0 Exception <a 'java/lang/NoSuchMethodError'{0x0000000710da5ce8}: 'java.lang.Object java.lang.invoke.DirectMethodHandle$Holder.newInvokeSpecial(java.lang.Object, java.lang.Object, java.lang.Object, java.lang.Object, java.lang.Object, java.lang.Object, int)'> (0x0000000710da5ce8) 
thrown [s\src\hotspot\share\interpreter\linkResolver.cpp, line 759]
Event: 0.774 Thread 0x000001d731a783a0 Exception <a 'java/lang/NoSuchMethodError'{0x0000000710daad28}: 'java.lang.Object java.lang.invoke.DirectMethodHandle$Holder.invokeSpecial(java.lang.Object, java.lang.Object, java.lang.Object, java.lang.Object, java.lang.Object, java.lang.Object, java.lang.Object, int)'> (0x0000000710daad28) 
thrown [s\src\hotspot\share\interpreter\linkResolver.cpp, line 759]
Event: 0.810 Thread 0x000001d731a783a0 Exception <a 'java/lang/NoSuchMethodError'{0x0000000710827f38}: 'java.lang.Object java.lang.invoke.DirectMethodHandle$Holder.invokeSpecial(java.lang.Object, java.lang.Object, java.lang.Object, int, java.lang.Object)'> (0x0000000710827f38) 
thrown [s\src\hotspot\share\interpreter\linkResolver.cpp, line 759]
Event: 0.811 Thread 0x000001d731a783a0 Exception <a 'java/lang/NoSuchMethodError'{0x00000007108304c0}: 'java.lang.Object java.lang.invoke.DirectMethodHandle$Holder.newInvokeSpecial(java.lang.Object, java.lang.Object, java.lang.Object, int, java.lang.Object)'> (0x00000007108304c0) 
thrown [s\src\hotspot\share\interpreter\linkResolver.cpp, line 759]
Event: 0.812 Thread 0x000001d731a783a0 Exception <a 'java/lang/NoSuchMethodError'{0x0000000710847490}: 'java.lang.Object java.lang.invoke.DirectMethodHandle$Holder.newInvokeSpecial(java.lang.Object, int, java.lang.Object)'> (0x0000000710847490) 
thrown [s\src\hotspot\share\interpreter\linkResolver.cpp, line 759]
Event: 0.812 Thread 0x000001d731a783a0 Exception <a 'java/lang/NoSuchMethodError'{0x000000071084b460}: 'int java.lang.invoke.DirectMethodHandle$Holder.invokeSpecialIFC(java.lang.Object, java.lang.Object, java.lang.Object, java.lang.Object)'> (0x000000071084b460) 
thrown [s\src\hotspot\share\interpreter\linkResolver.cpp, line 759]
Event: 0.825 Thread 0x000001d731a783a0 Exception <a 'java/lang/NoSuchMethodError'{0x00000007109151e8}: 'void java.lang.invoke.DirectMethodHandle$Holder.invokeInterface(java.lang.Object, java.lang.Object, java.lang.Object)'> (0x00000007109151e8) 
thrown [s\src\hotspot\share\interpreter\linkResolver.cpp, line 759]
Event: 0.853 Thread 0x000001d731a783a0 Exception <a 'java/lang/NoSuchMethodError'{0x0000000711cf9760}: 'void java.lang.invoke.DirectMethodHandle$Holder.invokeStatic(java.lang.Object, java.lang.Object, int)'> (0x0000000711cf9760) 
thrown [s\src\hotspot\share\interpreter\linkResolver.cpp, line 759]
Event: 0.854 Thread 0x000001d731a783a0 Exception <a 'java/lang/NoSuchMethodError'{0x0000000711d014e0}: 'void java.lang.invoke.DirectMethodHandle$Holder.invokeStaticInit(java.lang.Object, java.lang.Object)'> (0x0000000711d014e0) 
thrown [s\src\hotspot\share\interpreter\linkResolver.cpp, line 759]
Event: 0.854 Thread 0x000001d731a783a0 Exception <a 'java/lang/NoSuchMethodError'{0x0000000711d0f7f8}: 'void java.lang.invoke.DirectMethodHandle$Holder.invokeStaticInit(java.lang.Object, java.lang.Object, java.lang.Object)'> (0x0000000711d0f7f8) 
thrown [s\src\hotspot\share\interpreter\linkResolver.cpp, line 759]
Event: 0.857 Thread 0x000001d731a783a0 Exception <a 'java/lang/NoSuchMethodError'{0x0000000711d4c4b0}: 'java.lang.Object java.lang.invoke.DirectMethodHandle$Holder.invokeStatic(java.lang.Object, java.lang.Object, long, java.lang.Object)'> (0x0000000711d4c4b0) 
thrown [s\src\hotspot\share\interpreter\linkResolver.cpp, line 759]
Event: 0.857 Thread 0x000001d731a783a0 Exception <a 'java/lang/NoSuchMethodError'{0x0000000711d4ff48}: 'java.lang.Object java.lang.invoke.DirectMethodHandle$Holder.invokeStaticInit(java.lang.Object, java.lang.Object, long, java.lang.Object)'> (0x0000000711d4ff48) 
thrown [s\src\hotspot\share\interpreter\linkResolver.cpp, line 759]
Event: 0.857 Thread 0x000001d731a783a0 Exception <a 'java/lang/NoSuchMethodError'{0x0000000711d56558}: 'java.lang.Object java.lang.invoke.DirectMethodHandle$Holder.newInvokeSpecial(java.lang.Object, java.lang.Object, long)'> (0x0000000711d56558) 
thrown [s\src\hotspot\share\interpreter\linkResolver.cpp, line 759]
Event: 0.863 Thread 0x000001d731a783a0 Exception <a 'java/lang/NoSuchMethodError'{0x0000000711a09048}: 'void java.lang.invoke.DirectMethodHandle$Holder.invokeVirtual(java.lang.Object, java.lang.Object, java.lang.Object, java.lang.Object)'> (0x0000000711a09048) 
thrown [s\src\hotspot\share\interpreter\linkResolver.cpp, line 759]
Event: 0.883 Thread 0x000001d731a783a0 Exception <a 'java/lang/NoSuchMethodError'{0x0000000711b6dd80}: 'void java.lang.invoke.DirectMethodHandle$Holder.invokeSpecial(java.lang.Object, java.lang.Object, java.lang.Object)'> (0x0000000711b6dd80) 
thrown [s\src\hotspot\share\interpreter\linkResolver.cpp, line 759]
Event: 0.883 Thread 0x000001d731a783a0 Exception <a 'java/lang/NoSuchMethodError'{0x0000000711b743a8}: 'void java.lang.invoke.DirectMethodHandle$Holder.invokeSpecial(java.lang.Object, java.lang.Object, java.lang.Object, java.lang.Object, java.lang.Object)'> (0x0000000711b743a8) 
thrown [s\src\hotspot\share\interpreter\linkResolver.cpp, line 759]
Event: 0.888 Thread 0x000001d731a783a0 Exception <a 'java/lang/IncompatibleClassChangeError'{0x0000000711bbc218}: Found class java.lang.Object, but interface was expected> (0x0000000711bbc218) 
thrown [s\src\hotspot\share\interpreter\linkResolver.cpp, line 826]
Event: 1.045 Thread 0x000001d731a783a0 Exception <a 'java/lang/NoSuchMethodError'{0x0000000703f2aab8}: 'int java.lang.invoke.DirectMethodHandle$Holder.invokeSpecial(java.lang.Object, java.lang.Object, java.lang.Object, java.lang.Object, java.lang.Object)'> (0x0000000703f2aab8) 
thrown [s\src\hotspot\share\interpreter\linkResolver.cpp, line 759]
Event: 1.046 Thread 0x000001d731a783a0 Exception <a 'java/lang/NoSuchMethodError'{0x0000000703f33788}: 'void java.lang.invoke.DirectMethodHandle$Holder.invokeVirtual(java.lang.Object, java.lang.Object)'> (0x0000000703f33788) 
thrown [s\src\hotspot\share\interpreter\linkResolver.cpp, line 759]

VM Operations (20 events):
Event: 0.881 Executing VM operation: HandshakeAllThreads
Event: 0.881 Executing VM operation: HandshakeAllThreads done
Event: 0.935 Executing VM operation: CollectForMetadataAllocation
Event: 0.938 Executing VM operation: CollectForMetadataAllocation done
Event: 0.938 Executing VM operation: CollectForMetadataAllocation
Event: 0.938 Executing VM operation: CollectForMetadataAllocation done
Event: 0.943 Executing VM operation: G1Concurrent
Event: 0.944 Executing VM operation: G1Concurrent done
Event: 0.946 Executing VM operation: G1Concurrent
Event: 0.946 Executing VM operation: G1Concurrent done
Event: 0.949 Executing VM operation: HandshakeAllThreads
Event: 0.949 Executing VM operation: HandshakeAllThreads done
Event: 1.009 Executing VM operation: HandshakeAllThreads
Event: 1.009 Executing VM operation: HandshakeAllThreads done
Event: 1.036 Executing VM operation: HandshakeAllThreads
Event: 1.036 Executing VM operation: HandshakeAllThreads done
Event: 1.103 Executing VM operation: G1CollectForAllocation
Event: 1.106 Executing VM operation: G1CollectForAllocation done
Event: 1.119 Executing VM operation: G1CollectForAllocation
Event: 1.122 Executing VM operation: G1CollectForAllocation done

Events (20 events):
Event: 1.133 loading class java/text/spi/DateFormatProvider
Event: 1.133 loading class java/text/spi/DateFormatProvider done
Event: 1.133 loading class java/text/spi/DateFormatSymbolsProvider
Event: 1.133 loading class java/text/spi/DateFormatSymbolsProvider done
Event: 1.133 loading class java/text/spi/NumberFormatProvider
Event: 1.133 loading class java/text/spi/NumberFormatProvider done
Event: 1.133 loading class java/util/spi/CurrencyNameProvider
Event: 1.133 loading class java/util/spi/CurrencyNameProvider done
Event: 1.133 loading class java/util/spi/LocaleNameProvider
Event: 1.133 loading class java/util/spi/LocaleNameProvider done
Event: 1.133 loading class java/util/spi/TimeZoneNameProvider
Event: 1.133 loading class java/util/spi/TimeZoneNameProvider done
Event: 1.133 loading class sun/util/locale/provider/CalendarDataUtility$CalendarWeekParameterGetter
Event: 1.133 loading class sun/util/locale/provider/LocaleServiceProviderPool$LocalizedObjectGetter
Event: 1.133 loading class sun/util/locale/provider/LocaleServiceProviderPool$LocalizedObjectGetter done
Event: 1.133 loading class sun/util/locale/provider/CalendarDataUtility$CalendarWeekParameterGetter done
Event: 1.134 loading class sun/util/cldr/CLDRCalendarDataProviderImpl
Event: 1.134 loading class sun/util/locale/provider/CalendarDataProviderImpl
Event: 1.134 loading class sun/util/locale/provider/CalendarDataProviderImpl done
Event: 1.134 loading class sun/util/cldr/CLDRCalendarDataProviderImpl done


Dynamic libraries:
0x00007ff7dfb20000 - 0x00007ff7dfb2e000 	C:\Users\ayoub\Downloads\sts-4.18.0.RELEASE\plugins\org.eclipse.justj.openjdk.hotspot.jre.full.win32.x86_64_17.0.6.v20230204-1729\jre\bin\javaw.exe
0x00007ffcfdbb0000 - 0x00007ffcfdda8000 	C:\Windows\SYSTEM32\ntdll.dll
0x00007ffcfd960000 - 0x00007ffcfda1f000 	C:\Windows\System32\KERNEL32.DLL
0x00007ffcfb2f0000 - 0x00007ffcfb5ca000 	C:\Windows\System32\KERNELBASE.dll
0x00007ffcfb8d0000 - 0x00007ffcfb9d0000 	C:\Windows\System32\ucrtbase.dll
0x00007ffca6f60000 - 0x00007ffca6f77000 	C:\Users\ayoub\Downloads\sts-4.18.0.RELEASE\plugins\org.eclipse.justj.openjdk.hotspot.jre.full.win32.x86_64_17.0.6.v20230204-1729\jre\bin\jli.dll
0x00007ffcae250000 - 0x00007ffcae269000 	C:\Users\ayoub\Downloads\sts-4.18.0.RELEASE\plugins\org.eclipse.justj.openjdk.hotspot.jre.full.win32.x86_64_17.0.6.v20230204-1729\jre\bin\VCRUNTIME140.dll
0x00007ffcfd760000 - 0x00007ffcfd8fd000 	C:\Windows\System32\USER32.dll
0x00007ffcfb2c0000 - 0x00007ffcfb2e2000 	C:\Windows\System32\win32u.dll
0x00007ffcdd8b0000 - 0x00007ffcddb4a000 	C:\Windows\WinSxS\amd64_microsoft.windows.common-controls_6595b64144ccf1df_6.0.19041.1110_none_60b5254171f9507e\COMCTL32.dll
0x00007ffcfc130000 - 0x00007ffcfc15b000 	C:\Windows\System32\GDI32.dll
0x00007ffcfc3e0000 - 0x00007ffcfc47e000 	C:\Windows\System32\msvcrt.dll
0x00007ffcfb730000 - 0x00007ffcfb840000 	C:\Windows\System32\gdi32full.dll
0x00007ffcfb5d0000 - 0x00007ffcfb66d000 	C:\Windows\System32\msvcp_win.dll
0x00007ffcfc800000 - 0x00007ffcfc830000 	C:\Windows\System32\IMM32.DLL
0x00007ffce0970000 - 0x00007ffce097c000 	C:\Users\ayoub\Downloads\sts-4.18.0.RELEASE\plugins\org.eclipse.justj.openjdk.hotspot.jre.full.win32.x86_64_17.0.6.v20230204-1729\jre\bin\vcruntime140_1.dll
0x00007ffca6ec0000 - 0x00007ffca6f51000 	C:\Users\ayoub\Downloads\sts-4.18.0.RELEASE\plugins\org.eclipse.justj.openjdk.hotspot.jre.full.win32.x86_64_17.0.6.v20230204-1729\jre\bin\msvcp140.dll
0x00007ffca9fd0000 - 0x00007ffcaac17000 	C:\Users\ayoub\Downloads\sts-4.18.0.RELEASE\plugins\org.eclipse.justj.openjdk.hotspot.jre.full.win32.x86_64_17.0.6.v20230204-1729\jre\bin\server\jvm.dll
0x00007ffcfc2d0000 - 0x00007ffcfc37e000 	C:\Windows\System32\ADVAPI32.dll
0x00007ffcfc690000 - 0x00007ffcfc72c000 	C:\Windows\System32\sechost.dll
0x00007ffcfd500000 - 0x00007ffcfd626000 	C:\Windows\System32\RPCRT4.dll
0x00007ffcd4c10000 - 0x00007ffcd4c19000 	C:\Windows\SYSTEM32\WSOCK32.dll
0x00007ffce0f70000 - 0x00007ffce0f97000 	C:\Windows\SYSTEM32\WINMM.dll
0x00007ffcf3f90000 - 0x00007ffcf3f9a000 	C:\Windows\SYSTEM32\VERSION.dll
0x00007ffcfd130000 - 0x00007ffcfd19b000 	C:\Windows\System32\WS2_32.dll
0x00007ffcf9b40000 - 0x00007ffcf9b52000 	C:\Windows\SYSTEM32\kernel.appcore.dll
0x00007ffcf2d30000 - 0x00007ffcf2d3a000 	C:\Users\ayoub\Downloads\sts-4.18.0.RELEASE\plugins\org.eclipse.justj.openjdk.hotspot.jre.full.win32.x86_64_17.0.6.v20230204-1729\jre\bin\jimage.dll
0x00007ffcf9080000 - 0x00007ffcf9264000 	C:\Windows\SYSTEM32\DBGHELP.DLL
0x00007ffcda850000 - 0x00007ffcda884000 	C:\Windows\SYSTEM32\dbgcore.DLL
0x00007ffcfb840000 - 0x00007ffcfb8c2000 	C:\Windows\System32\bcryptPrimitives.dll
0x00007ffcc63e0000 - 0x00007ffcc6405000 	C:\Users\ayoub\Downloads\sts-4.18.0.RELEASE\plugins\org.eclipse.justj.openjdk.hotspot.jre.full.win32.x86_64_17.0.6.v20230204-1729\jre\bin\java.dll
0x00007ffcf2d10000 - 0x00007ffcf2d28000 	C:\Users\ayoub\Downloads\sts-4.18.0.RELEASE\plugins\org.eclipse.justj.openjdk.hotspot.jre.full.win32.x86_64_17.0.6.v20230204-1729\jre\bin\zip.dll
0x00007ffcfc830000 - 0x00007ffcfcf74000 	C:\Windows\System32\SHELL32.dll
0x00007ffcf9360000 - 0x00007ffcf9af3000 	C:\Windows\SYSTEM32\windows.storage.dll
0x00007ffcfd1a0000 - 0x00007ffcfd4f4000 	C:\Windows\System32\combase.dll
0x00007ffcfad20000 - 0x00007ffcfad4e000 	C:\Windows\SYSTEM32\Wldp.dll
0x00007ffcfc750000 - 0x00007ffcfc7fd000 	C:\Windows\System32\SHCORE.dll
0x00007ffcfc480000 - 0x00007ffcfc4d5000 	C:\Windows\System32\shlwapi.dll
0x00007ffcfb200000 - 0x00007ffcfb21f000 	C:\Windows\SYSTEM32\profapi.dll
0x00007ffcb8b70000 - 0x00007ffcb8b89000 	C:\Users\ayoub\Downloads\sts-4.18.0.RELEASE\plugins\org.eclipse.justj.openjdk.hotspot.jre.full.win32.x86_64_17.0.6.v20230204-1729\jre\bin\net.dll
0x00007ffcf1870000 - 0x00007ffcf197a000 	C:\Windows\SYSTEM32\WINHTTP.dll
0x00007ffcfaa80000 - 0x00007ffcfaaea000 	C:\Windows\system32\mswsock.dll
0x00007ffcb3f00000 - 0x00007ffcb3f15000 	C:\Users\ayoub\Downloads\sts-4.18.0.RELEASE\plugins\org.eclipse.justj.openjdk.hotspot.jre.full.win32.x86_64_17.0.6.v20230204-1729\jre\bin\nio.dll
0x00007ffcf53e0000 - 0x00007ffcf53e9000 	C:\Users\ayoub\Downloads\sts-4.18.0.RELEASE\plugins\org.eclipse.justj.openjdk.hotspot.jre.full.win32.x86_64_17.0.6.v20230204-1729\jre\bin\management.dll
0x00007ffcf2a20000 - 0x00007ffcf2a2b000 	C:\Users\ayoub\Downloads\sts-4.18.0.RELEASE\plugins\org.eclipse.justj.openjdk.hotspot.jre.full.win32.x86_64_17.0.6.v20230204-1729\jre\bin\management_ext.dll
0x00007ffcfc160000 - 0x00007ffcfc168000 	C:\Windows\System32\PSAPI.DLL
0x00007ffc92ea0000 - 0x00007ffc92eb7000 	C:\Windows\system32\napinsp.dll
0x00007ffc92e80000 - 0x00007ffc92e9b000 	C:\Windows\system32\pnrpnsp.dll
0x00007ffcf53a0000 - 0x00007ffcf53b5000 	C:\Windows\system32\wshbth.dll
0x00007ffcf6a10000 - 0x00007ffcf6a2d000 	C:\Windows\system32\NLAapi.dll
0x00007ffcfa720000 - 0x00007ffcfa75c000 	C:\Windows\SYSTEM32\IPHLPAPI.DLL
0x00007ffcfa770000 - 0x00007ffcfa83b000 	C:\Windows\SYSTEM32\DNSAPI.dll
0x00007ffcfdb60000 - 0x00007ffcfdb68000 	C:\Windows\System32\NSI.dll
0x00007ffc92e60000 - 0x00007ffc92e72000 	C:\Windows\System32\winrnr.dll
0x00007ffcf1720000 - 0x00007ffcf172a000 	C:\Windows\System32\rasadhlp.dll
0x00007ffcedbf0000 - 0x00007ffcedc70000 	C:\Windows\System32\fwpuclnt.dll
0x00007ffcfbbe0000 - 0x00007ffcfbc07000 	C:\Windows\System32\bcrypt.dll
0x00007ffcfac80000 - 0x00007ffcfac98000 	C:\Windows\SYSTEM32\CRYPTSP.dll
0x00007ffcfa330000 - 0x00007ffcfa364000 	C:\Windows\system32\rsaenh.dll
0x00007ffcfb1c0000 - 0x00007ffcfb1ee000 	C:\Windows\SYSTEM32\USERENV.dll
0x00007ffcfac70000 - 0x00007ffcfac7c000 	C:\Windows\SYSTEM32\CRYPTBASE.dll
0x00007ffcf2fb0000 - 0x00007ffcf2fc7000 	C:\Windows\SYSTEM32\dhcpcsvc6.DLL
0x00007ffcf2f90000 - 0x00007ffcf2fad000 	C:\Windows\SYSTEM32\dhcpcsvc.DLL
0x00007ffcf2d40000 - 0x00007ffcf2d50000 	C:\Users\ayoub\Downloads\sts-4.18.0.RELEASE\plugins\org.eclipse.justj.openjdk.hotspot.jre.full.win32.x86_64_17.0.6.v20230204-1729\jre\bin\verify.dll

dbghelp: loaded successfully - version: 4.0.5 - missing functions: none
symbol engine: initialized successfully - sym options: 0x614 - pdb path: .;C:\Users\ayoub\Downloads\sts-4.18.0.RELEASE\plugins\org.eclipse.justj.openjdk.hotspot.jre.full.win32.x86_64_17.0.6.v20230204-1729\jre\bin;C:\Windows\SYSTEM32;C:\Windows\WinSxS\amd64_microsoft.windows.common-controls_6595b64144ccf1df_6.0.19041.1110_none_60b5254171f9507e;C:\Users\ayoub\Downloads\sts-4.18.0.RELEASE\plugins\org.eclipse.justj.openjdk.hotspot.jre.full.win32.x86_64_17.0.6.v20230204-1729\jre\bin\server

VM Arguments:
jvm_args: -Dcom.sun.management.jmxremote -Dcom.sun.management.jmxremote.port=61887 -Dcom.sun.management.jmxremote.authenticate=false -Dcom.sun.management.jmxremote.ssl=false -Djava.rmi.server.hostname=localhost -Dspring.jmx.enabled=true -Dmanagement.endpoints.jmx.exposure.include=* -Dspring.application.admin.enabled=true -XX:TieredStopAtLevel=1 -Dspring.boot.project.name=App_WebService -Dfile.encoding=UTF-8 -XX:+ShowCodeDetailsInExceptionMessages 
java_command: com.example.demo.ProjwebServiceApplication --spring.output.ansi.enabled=always
java_class_path (initial): C:\Users\ayoub\eclipse-workspace\App_WebService\target\classes;C:\Users\ayoub\.m2\repository\org\springframework\boot\spring-boot-starter-data-jpa\3.0.4\spring-boot-starter-data-jpa-3.0.4.jar;C:\Users\ayoub\.m2\repository\org\springframework\boot\spring-boot-starter-aop\3.0.4\spring-boot-starter-aop-3.0.4.jar;C:\Users\ayoub\.m2\repository\org\aspectj\aspectjweaver\1.9.19\aspectjweaver-1.9.19.jar;C:\Users\ayoub\.m2\repository\org\springframework\boot\spring-boot-starter-jdbc\3.0.4\spring-boot-starter-jdbc-3.0.4.jar;C:\Users\ayoub\.m2\repository\com\zaxxer\HikariCP\5.0.1\HikariCP-5.0.1.jar;C:\Users\ayoub\.m2\repository\org\springframework\spring-jdbc\6.0.6\spring-jdbc-6.0.6.jar;C:\Users\ayoub\.m2\repository\org\hibernate\orm\hibernate-core\6.1.7.Final\hibernate-core-6.1.7.Final.jar;C:\Users\ayoub\.m2\repository\jakarta\persistence\jakarta.persistence-api\3.1.0\jakarta.persistence-api-3.1.0.jar;C:\Users\ayoub\.m2\repository\jakarta\transaction\jakarta.transaction-api\2.0.1\jakarta.transaction-api-2.0.1.jar;C:\Users\ayoub\.m2\repository\org\jboss\logging\jboss-logging\3.5.0.Final\jboss-logging-3.5.0.Final.jar;C:\Users\ayoub\.m2\repository\org\hibernate\common\hibernate-commons-annotations\6.0.6.Final\hibernate-commons-annotations-6.0.6.Final.jar;C:\Users\ayoub\.m2\repository\org\jboss\jandex\2.4.2.Final\jandex-2.4.2.Final.jar;C:\Users\ayoub\.m2\repository\com\fasterxml\classmate\1.5.1\classmate-1.5.1.jar;C:\Users\ayoub\.m2\repository\net\bytebuddy\byte-buddy\1.12.23\byte-buddy-1.12.23.jar;C:\Users\ayoub\.m2\repository\org\glassfish\jaxb\jaxb-runtime\4.0.2\jaxb-runtime-4.0.2.jar;C:\Users\ayoub\.m2\repository\org\glassfish\jaxb\jaxb-core\4.0.2\jaxb-core-4.0.2.jar;C:\Users\ayoub\.m2\repository\org\eclipse\angus\angus-activation\2.0.0\angus-activation-2.0.0.jar;C:\Users\ayoub\.m2\repository\org\glassfish\jaxb\txw2\4.0.2\txw2-4.0.2.jar;C:\Users\ayoub\.m2\repository\com\sun\istack\istack-commons-runtime\4.1.1\istack-commons-runtime-4.1.1.jar;C:\Us
Launcher Type: SUN_STANDARD

[Global flags]
     intx CICompilerCount                          = 4                                         {product} {ergonomic}
     uint ConcGCThreads                            = 2                                         {product} {ergonomic}
     uint G1ConcRefinementThreads                  = 8                                         {product} {ergonomic}
   size_t G1HeapRegionSize                         = 2097152                                   {product} {ergonomic}
    uintx GCDrainStackTargetSize                   = 64                                        {product} {ergonomic}
   size_t InitialHeapSize                          = 266338304                                 {product} {ergonomic}
     bool ManagementServer                         = true                                      {product} {command line}
   size_t MarkStackSize                            = 4194304                                   {product} {ergonomic}
   size_t MaxHeapSize                              = 4261412864                                {product} {ergonomic}
   size_t MaxNewSize                               = 2556428288                                {product} {ergonomic}
   size_t MinHeapDeltaBytes                        = 2097152                                   {product} {ergonomic}
   size_t MinHeapSize                              = 8388608                                   {product} {ergonomic}
    uintx NonProfiledCodeHeapSize                  = 0                                      {pd product} {ergonomic}
     bool ProfileInterpreter                       = false                                  {pd product} {command line}
    uintx ProfiledCodeHeapSize                     = 0                                      {pd product} {ergonomic}
     bool ShowCodeDetailsInExceptionMessages       = true                                   {manageable} {command line}
   size_t SoftMaxHeapSize                          = 4261412864                             {manageable} {ergonomic}
     intx TieredStopAtLevel                        = 1                                         {product} {command line}
     bool UseCompressedClassPointers               = true                           {product lp64_product} {ergonomic}
     bool UseCompressedOops                        = true                           {product lp64_product} {ergonomic}
     bool UseG1GC                                  = true                                      {product} {ergonomic}
     bool UseLargePagesIndividualAllocation        = false                                  {pd product} {ergonomic}

Logging:
Log output configuration:
 #0: stdout all=warning uptime,level,tags
 #1: stderr all=off uptime,level,tags

Environment Variables:
PATH=C:/Users/ayoub/Downloads/sts-4.18.0.RELEASE//plugins/org.eclipse.justj.openjdk.hotspot.jre.full.win32.x86_64_17.0.6.v20230204-1729/jre/bin/server;C:/Users/ayoub/Downloads/sts-4.18.0.RELEASE//plugins/org.eclipse.justj.openjdk.hotspot.jre.full.win32.x86_64_17.0.6.v20230204-1729/jre/bin;C:\Orcl\WINDOWS.X64_193000_db_home\bin;C:\Program Files (x86)\Common Files\Oracle\Java\javapath;C:\Windows\system32;C:\Windows;C:\Windows\System32\Wbem;C:\Windows\System32\WindowsPowerShell\v1.0\;C:\Windows\System32\OpenSSH\;C:\Program Files\Java\jdk1.8.0_361\bin;C:\Program Files\nodejs\;C:\Program Files\Git\cmd;C:\Program Files\apache-maven-3.8.8\bin;C:\Users\ayoub\AppData\Local\Microsoft\WindowsApps;C:\Users\ayoub\AppData\Local\Programs\Microsoft VS Code\bin;C:\Users\ayoub\AppData\Roaming\npm;C:\Users\ayoub\AppData\Local\GitHubDesktop\bin;D:\flutter_Dev\bin;;C:\Users\ayoub\Downloads\sts-4.18.0.RELEASE;
USERNAME=ayoub
OS=Windows_NT
PROCESSOR_IDENTIFIER=Intel64 Family 6 Model 142 Stepping 12, GenuineIntel
TMP=C:\Users\ayoub\AppData\Local\Temp
TEMP=C:\Users\ayoub\AppData\Local\Temp



---------------  S Y S T E M  ---------------

OS:
 Windows 10 , 64 bit Build 19041 (10.0.19041.2788)
OS uptime: 0 days 17:30 hours

CPU: total 8 (initial active 8) (4 cores per cpu, 2 threads per core) family 6 model 142 stepping 12 microcode 0xec, cx8, cmov, fxsr, ht, mmx, 3dnowpref, sse, sse2, sse3, ssse3, sse4.1, sse4.2, popcnt, lzcnt, tsc, tscinvbit, avx, avx2, aes, erms, clmul, bmi1, bmi2, adx, fma, vzeroupper, clflush, clflushopt

Memory: 4k page, system-wide physical 16254M (8187M free)
TotalPageFile size 19582M (AvailPageFile size 10282M)
current process WorkingSet (physical memory assigned to process): 115M, peak: 115M
current process commit charge ("private bytes"): 159M, peak: 364M

vm_info: OpenJDK 64-Bit Server VM (17.0.6+10) for windows-amd64 JRE (17.0.6+10), built on Jan 18 2023 10:08:59 by "temurin" with MS VC++ 16.7 (VS2019)

END.
